---------------------------------------------------------------------------------------------------------------------
      name:  <unnamed>
       log:  /Users/adipaliwal/Desktop/ET Project/AE Proj (Model II).log
  log type:  text
 opened on:  31 Oct 2020, 19:20:38

.  regress  SP500Y Gold YearSovereignBondYield MobilityChangechangeagainst TimeX1 WTICrudebarrel NationalEmergencyDec
> laration

      Source |       SS       df       MS              Number of obs =     160
-------------+------------------------------           F(  6,   153) =  414.98
       Model |  12568629.9     6  2094771.65           Prob > F      =  0.0000
    Residual |  772322.598   153  5047.86012           R-squared     =  0.9421
-------------+------------------------------           Adj R-squared =  0.9398
       Total |  13340952.5   159  83905.3617           Root MSE      =  71.048

----------------------------------------------------------------------------------------------
                      SP500Y |      Coef.   Std. Err.      t    P>|t|     [95% Conf. Interval]
-----------------------------+----------------------------------------------------------------
                        Gold |   .8524669   .1123627     7.59   0.000     .6304842     1.07445
      YearSovereignBondYield |   464.2461   58.54886     7.93   0.000     348.5775    579.9147
 MobilityChangechangeagainst |   3.184143   .5307491     6.00   0.000       2.1356    4.232686
                      TimeX1 |   2.682627   .4282822     6.26   0.000     1.836517    3.528737
              WTICrudebarrel |   1.603704    .824096     1.95   0.053    -.0243725     3.23178
NationalEmergencyDeclaration |    -208.09   33.56887    -6.20   0.000    -274.4084   -141.7717
                       _cons |   1093.605   194.2604     5.63   0.000     709.8257    1477.384
----------------------------------------------------------------------------------------------

. pwcorr 

             |   SP500Y   TimeX1 DummyU~u Mobili~t DailyD~E  DuxDoil DummyO~l
-------------+---------------------------------------------------------------
      SP500Y |   1.0000 
      TimeX1 |   0.3899   1.0000 
DummyUnemp~u |  -0.2077   0.7371   1.0000 
MobilityCh~t |   0.8122  -0.1002  -0.5548   1.0000 
DailyDeath~E |  -0.1709   0.3693   0.6395  -0.4168   1.0000 
     DuxDoil |   0.6573  -0.2400  -0.7992   0.8153  -0.5707   1.0000 
DummyOilSh~l |  -0.7417  -0.5054  -0.0919  -0.5688   0.2141  -0.3665   1.0000 
        Date |   0.3901   0.9999   0.7370  -0.1000   0.3686  -0.2397  -0.5055 
       X3WHO |  -0.1054   0.3155   0.5123  -0.3119   0.7141  -0.4359   0.1464 
WTICrudeba~l |   0.7268  -0.0070  -0.5370   0.8038  -0.6098   0.7857  -0.5893 
      WTIxDu |   0.2154   0.9014   0.8093  -0.1790   0.3219  -0.3846  -0.4887 
NationalEm~n |  -0.5384  -0.2236  -0.0379  -0.4324  -0.2831  -0.2216   0.3042 
Emergencyx~I |  -0.5107  -0.2223  -0.0780  -0.4202  -0.2800  -0.1605   0.2989 
        Gold |   0.5448   0.9148   0.5193   0.0540   0.3439  -0.0367  -0.4866 
YearSovere~d |   0.2388  -0.7431  -0.8518   0.6491  -0.6182   0.6248  -0.0418 
BrentCrude~l |   0.7733  -0.0647  -0.6213   0.8745  -0.6540   0.8557  -0.5881 
        lnSP |   0.9983   0.3860  -0.2070   0.8132  -0.1500   0.6630  -0.7355 
           r |   0.3202  -0.0000  -0.2155  -0.0000   0.0543   0.1791  -0.0252 

             |     Date    X3WHO WTICru~l   WTIxDu Nation~n Emerge~I     Gold
-------------+---------------------------------------------------------------
        Date |   1.0000 
       X3WHO |   0.3166   1.0000 
WTICrudeba~l |  -0.0071  -0.6438   1.0000 
      WTIxDu |   0.9012   0.1435   0.0345   1.0000 
NationalEm~n |  -0.2241  -0.2250  -0.2074  -0.1247   1.0000 
Emergencyx~I |  -0.2227  -0.2230  -0.1861  -0.1422   0.9826   1.0000 
        Gold |   0.9148   0.3059   0.1207   0.7311  -0.3498  -0.3310   1.0000 
YearSovere~d |  -0.7436  -0.5002   0.5408  -0.7095   0.0624   0.0567  -0.6114 
BrentCrude~l |  -0.0642  -0.5236   0.9305  -0.1267  -0.2320  -0.2154   0.0917 
        lnSP |   0.3865  -0.0884   0.7181   0.2113  -0.5668  -0.5355   0.5429 
           r |   0.0006   0.1500  -0.0000  -0.2316   0.0000   0.0417   0.1634 

             | YearSo~d BrentC~l     lnSP        r
-------------+------------------------------------
YearSovere~d |   1.0000 
BrentCrude~l |   0.6219   1.0000 
        lnSP |   0.2284   0.7654   1.0000 
           r |   0.1300   0.1017   0.3120   1.0000 

. estat vif

    Variable |       VIF       1/VIF  
-------------+----------------------
YearSovere~d |     13.21    0.075680
      TimeX1 |     12.40    0.080628
MobilityCh~t |      8.37    0.119410
        Gold |      7.62    0.131215
WTICrudeba~l |      3.40    0.293799
NationalEm~n |      2.09    0.477818
-------------+----------------------
    Mean VIF |      7.85

. regress  TimeX1 Gold YearSovereignBondYield NationalEmergencyDeclaration WTICrudebarrel MobilityChangechangeagainst

      Source |       SS       df       MS              Number of obs =     160
-------------+------------------------------           F(  5,   154) =  351.20
       Model |  313800.074     5  62760.0148           Prob > F      =  0.0000
    Residual |  27519.9261   154  178.700819           R-squared     =  0.9194
-------------+------------------------------           Adj R-squared =  0.9168
       Total |      341320   159  2146.66667           Root MSE      =  13.368

----------------------------------------------------------------------------------------------
                      TimeX1 |      Coef.   Std. Err.      t    P>|t|     [95% Conf. Interval]
-----------------------------+----------------------------------------------------------------
                        Gold |   .1795036   .0154183    11.64   0.000     .1490449    .2099623
      YearSovereignBondYield |  -88.53505   8.393778   -10.55   0.000    -105.1169   -71.95325
NationalEmergencyDeclaration |   30.15966    5.82976     5.17   0.000     18.64304    41.67628
              WTICrudebarrel |   .2352032   .1538929     1.53   0.128    -.0688103    .5392167
 MobilityChangechangeagainst |   .4850831   .0918934     5.28   0.000     .3035487    .6666174
                       _cons |  -141.5524   34.72508    -4.08   0.000    -210.1513   -72.95338
----------------------------------------------------------------------------------------------

. log close
      name:  <unnamed>
       log:  /Users/adipaliwal/Desktop/ET Project/AE Proj (Model II).log
  log type:  text
 closed on:  31 Oct 2020, 19:28:40
---------------------------------------------------------------------------------------------------------------------
